2025-05-09 15:44:00,015 INFO c.o.o.h.ProductStatusScheduler [scheduling-1] 상품들의 상태를 체크합니다.
2025-05-09 15:45:00,012 INFO c.o.o.h.ProductStatusScheduler [scheduling-1] 상품들의 상태를 체크합니다.
2025-05-09 15:46:00,004 INFO c.o.o.h.ProductStatusScheduler [scheduling-1] 상품들의 상태를 체크합니다.
2025-05-09 15:47:00,001 INFO c.o.o.h.ProductStatusScheduler [scheduling-1] 상품들의 상태를 체크합니다.
2025-05-09 15:48:00,001 INFO c.o.o.h.ProductStatusScheduler [scheduling-1] 상품들의 상태를 체크합니다.
2025-05-09 15:48:08,758 INFO c.o.o.c.GroupPurchaseController [http-nio-4000-exec-11] 54번 상품의 리뷰 리스트를 불러옵니다.
2025-05-09 15:48:08,766 INFO c.o.o.c.GroupPurchaseController [http-nio-4000-exec-7] 54번 상품의 리뷰 이미지 리스트를 불러옵니다.
2025-05-09 15:48:08,803 INFO c.o.o.c.GroupPurchaseController [http-nio-4000-exec-9] 54번 상품의 정보를 가져옵니다.
2025-05-09 15:48:08,824 INFO c.o.o.c.GroupPurchaseController [http-nio-4000-exec-5] 54번 상품의 리뷰 이미지 리스트를 불러옵니다.
2025-05-09 15:48:08,827 INFO c.o.o.c.GroupPurchaseController [http-nio-4000-exec-2] 54번 상품의 리뷰 리스트를 불러옵니다.
2025-05-09 15:48:08,881 INFO c.o.o.c.GroupPurchaseController [http-nio-4000-exec-3] 54번 상품의 정보를 가져옵니다.
2025-05-09 15:49:00,009 INFO c.o.o.h.ProductStatusScheduler [scheduling-1] 상품들의 상태를 체크합니다.
2025-05-09 15:49:52,622 INFO c.o.o.c.GroupPurchaseController [http-nio-4000-exec-1] 54번 상품의 리뷰 이미지 리스트를 불러옵니다.
2025-05-09 15:49:52,633 INFO c.o.o.c.GroupPurchaseController [http-nio-4000-exec-12] 54번 상품의 리뷰 리스트를 불러옵니다.
2025-05-09 15:49:52,643 INFO c.o.o.c.GroupPurchaseController [http-nio-4000-exec-1] 54번 상품의 리뷰 이미지 리스트를 불러옵니다.
2025-05-09 15:49:52,662 INFO c.o.o.c.GroupPurchaseController [http-nio-4000-exec-1] 54번 상품의 리뷰 리스트를 불러옵니다.
2025-05-09 15:49:52,662 INFO c.o.o.c.GroupPurchaseController [http-nio-4000-exec-13] 54번 상품의 정보를 가져옵니다.
2025-05-09 15:49:52,709 INFO c.o.o.c.GroupPurchaseController [http-nio-4000-exec-9] 54번 상품의 정보를 가져옵니다.
2025-05-09 15:50:00,008 INFO c.o.o.h.ProductStatusScheduler [scheduling-1] 상품들의 상태를 체크합니다.
2025-05-09 15:50:37,410 INFO c.o.o.s.i.GroupPurchaseServiceImplements [http-nio-4000-exec-3] 조회된 상품 리스트: 9
2025-05-09 15:50:37,411 INFO c.o.o.s.i.GroupPurchaseServiceImplements [http-nio-4000-exec-3] 전체 카테고리의 이름이 인 공동구매 상품 리스트를 불러옵니다.
2025-05-09 15:50:37,429 INFO c.o.o.s.i.GroupPurchaseServiceImplements [http-nio-4000-exec-12] 조회된 상품 리스트: 9
2025-05-09 15:50:37,430 INFO c.o.o.s.i.GroupPurchaseServiceImplements [http-nio-4000-exec-12] 전체 카테고리의 이름이 인 공동구매 상품 리스트를 불러옵니다.
2025-05-09 15:50:53,264 INFO c.o.o.s.i.GroupPurchaseServiceImplements [http-nio-4000-exec-12] 조회된 상품 리스트: 9
2025-05-09 15:50:53,268 INFO c.o.o.s.i.GroupPurchaseServiceImplements [http-nio-4000-exec-12] null 카테고리의 이름이 null인 공동구매 상품 리스트를 불러옵니다.
2025-05-09 15:50:53,412 INFO c.o.o.s.i.GroupPurchaseServiceImplements [http-nio-4000-exec-3] 조회된 상품 리스트: 9
2025-05-09 15:50:53,453 INFO c.o.o.s.i.GroupPurchaseServiceImplements [http-nio-4000-exec-3] null 카테고리의 이름이 null인 공동구매 상품 리스트를 불러옵니다.
2025-05-09 15:50:55,330 INFO c.o.o.s.i.GroupPurchaseServiceImplements [http-nio-4000-exec-5] 조회된 상품 리스트: 9
2025-05-09 15:50:55,331 INFO c.o.o.s.i.GroupPurchaseServiceImplements [http-nio-4000-exec-5] 전체 카테고리의 이름이 인 공동구매 상품 리스트를 불러옵니다.
2025-05-09 15:50:55,465 INFO c.o.o.s.i.GroupPurchaseServiceImplements [http-nio-4000-exec-7] 조회된 상품 리스트: 9
2025-05-09 15:50:55,466 INFO c.o.o.s.i.GroupPurchaseServiceImplements [http-nio-4000-exec-7] 전체 카테고리의 이름이 인 공동구매 상품 리스트를 불러옵니다.
2025-05-09 15:50:58,019 INFO c.o.o.s.i.GroupPurchaseServiceImplements [http-nio-4000-exec-3] 조회된 상품 리스트: 9
2025-05-09 15:50:58,020 INFO c.o.o.s.i.GroupPurchaseServiceImplements [http-nio-4000-exec-3] 전체 카테고리의 이름이 인 공동구매 상품 리스트를 불러옵니다.
2025-05-09 15:50:58,054 INFO c.o.o.s.i.GroupPurchaseServiceImplements [http-nio-4000-exec-7] 조회된 상품 리스트: 9
2025-05-09 15:50:58,060 INFO c.o.o.s.i.GroupPurchaseServiceImplements [http-nio-4000-exec-7] 전체 카테고리의 이름이 인 공동구매 상품 리스트를 불러옵니다.
2025-05-09 15:50:58,800 INFO c.o.o.c.GroupPurchaseController [http-nio-4000-exec-14] 74번 상품의 리뷰 이미지 리스트를 불러옵니다.
2025-05-09 15:50:58,812 INFO c.o.o.c.GroupPurchaseController [http-nio-4000-exec-3] 74번 상품의 리뷰 리스트를 불러옵니다.
2025-05-09 15:50:58,854 INFO c.o.o.c.GroupPurchaseController [http-nio-4000-exec-5] 74번 상품의 리뷰 이미지 리스트를 불러옵니다.
2025-05-09 15:50:58,863 INFO c.o.o.c.GroupPurchaseController [http-nio-4000-exec-3] 74번 상품의 리뷰 리스트를 불러옵니다.
2025-05-09 15:50:58,863 INFO c.o.o.c.GroupPurchaseController [http-nio-4000-exec-10] 74번 상품의 정보를 가져옵니다.
2025-05-09 15:50:58,909 INFO c.o.o.c.GroupPurchaseController [http-nio-4000-exec-6] 74번 상품의 정보를 가져옵니다.
2025-05-09 15:51:00,010 INFO c.o.o.h.ProductStatusScheduler [scheduling-1] 상품들의 상태를 체크합니다.
2025-05-09 15:52:00,005 INFO c.o.o.h.ProductStatusScheduler [scheduling-1] 상품들의 상태를 체크합니다.
2025-05-09 15:53:00,010 INFO c.o.o.h.ProductStatusScheduler [scheduling-1] 상품들의 상태를 체크합니다.
2025-05-09 15:54:00,007 INFO c.o.o.h.ProductStatusScheduler [scheduling-1] 상품들의 상태를 체크합니다.
2025-05-09 15:55:00,002 INFO c.o.o.h.ProductStatusScheduler [scheduling-1] 상품들의 상태를 체크합니다.
2025-05-09 15:56:00,007 INFO c.o.o.h.ProductStatusScheduler [scheduling-1] 상품들의 상태를 체크합니다.
2025-05-09 15:57:00,007 INFO c.o.o.h.ProductStatusScheduler [scheduling-1] 상품들의 상태를 체크합니다.
2025-05-09 15:57:59,938 INFO c.o.o.h.ProductStatusScheduler [scheduling-1] 상품들의 상태를 체크합니다.
2025-05-09 15:58:32,257 INFO c.o.o.s.i.GroupPurchaseServiceImplements [http-nio-4000-exec-15] 조회된 상품 리스트: 9
2025-05-09 15:58:32,259 INFO c.o.o.s.i.GroupPurchaseServiceImplements [http-nio-4000-exec-15] 전체 카테고리의 이름이 인 공동구매 상품 리스트를 불러옵니다.
2025-05-09 15:58:32,275 INFO c.o.o.s.i.GroupPurchaseServiceImplements [http-nio-4000-exec-15] 조회된 상품 리스트: 9
2025-05-09 15:58:32,277 INFO c.o.o.s.i.GroupPurchaseServiceImplements [http-nio-4000-exec-15] 전체 카테고리의 이름이 인 공동구매 상품 리스트를 불러옵니다.
2025-05-09 15:58:49,539 INFO c.o.o.c.GroupPurchaseController [http-nio-4000-exec-15] 74번 상품의 리뷰 리스트를 불러옵니다.
2025-05-09 15:58:49,539 INFO c.o.o.c.GroupPurchaseController [http-nio-4000-exec-5] 74번 상품의 리뷰 이미지 리스트를 불러옵니다.
2025-05-09 15:58:49,559 INFO c.o.o.c.GroupPurchaseController [http-nio-4000-exec-5] 74번 상품의 리뷰 리스트를 불러옵니다.
2025-05-09 15:58:49,559 INFO c.o.o.c.GroupPurchaseController [http-nio-4000-exec-2] 74번 상품의 리뷰 이미지 리스트를 불러옵니다.
2025-05-09 15:58:49,573 INFO c.o.o.c.GroupPurchaseController [http-nio-4000-exec-7] 74번 상품의 정보를 가져옵니다.
2025-05-09 15:58:49,619 INFO c.o.o.c.GroupPurchaseController [http-nio-4000-exec-14] 74번 상품의 정보를 가져옵니다.
2025-05-09 15:58:50,537 INFO c.o.o.s.i.GroupPurchaseServiceImplements [http-nio-4000-exec-5] 조회된 상품 리스트: 9
2025-05-09 15:58:50,538 INFO c.o.o.s.i.GroupPurchaseServiceImplements [http-nio-4000-exec-5] 전체 카테고리의 이름이 인 공동구매 상품 리스트를 불러옵니다.
2025-05-09 15:58:50,571 INFO c.o.o.s.i.GroupPurchaseServiceImplements [http-nio-4000-exec-7] 조회된 상품 리스트: 9
2025-05-09 15:58:50,574 INFO c.o.o.s.i.GroupPurchaseServiceImplements [http-nio-4000-exec-7] 전체 카테고리의 이름이 인 공동구매 상품 리스트를 불러옵니다.
2025-05-09 15:58:53,548 INFO c.o.o.c.GroupPurchaseController [http-nio-4000-exec-10] 74번 상품의 리뷰 이미지 리스트를 불러옵니다.
2025-05-09 15:58:53,546 INFO c.o.o.c.GroupPurchaseController [http-nio-4000-exec-9] 74번 상품의 리뷰 리스트를 불러옵니다.
2025-05-09 15:58:53,553 INFO c.o.o.c.GroupPurchaseController [http-nio-4000-exec-7] 74번 상품의 정보를 가져옵니다.
2025-05-09 15:58:53,598 INFO c.o.o.c.GroupPurchaseController [http-nio-4000-exec-9] 74번 상품의 리뷰 이미지 리스트를 불러옵니다.
2025-05-09 15:58:53,630 INFO c.o.o.c.GroupPurchaseController [http-nio-4000-exec-16] 74번 상품의 리뷰 리스트를 불러옵니다.
2025-05-09 15:58:53,632 INFO c.o.o.c.GroupPurchaseController [http-nio-4000-exec-7] 74번 상품의 정보를 가져옵니다.
2025-05-09 15:58:54,572 INFO c.o.o.s.i.GroupPurchaseServiceImplements [http-nio-4000-exec-17] 조회된 상품 리스트: 9
2025-05-09 15:58:54,574 INFO c.o.o.s.i.GroupPurchaseServiceImplements [http-nio-4000-exec-17] 전체 카테고리의 이름이 인 공동구매 상품 리스트를 불러옵니다.
2025-05-09 15:58:54,616 INFO c.o.o.s.i.GroupPurchaseServiceImplements [http-nio-4000-exec-3] 조회된 상품 리스트: 9
2025-05-09 15:58:54,617 INFO c.o.o.s.i.GroupPurchaseServiceImplements [http-nio-4000-exec-3] 전체 카테고리의 이름이 인 공동구매 상품 리스트를 불러옵니다.
2025-05-09 15:59:00,004 INFO c.o.o.h.ProductStatusScheduler [scheduling-1] 상품들의 상태를 체크합니다.
2025-05-09 15:59:42,676 INFO c.o.o.s.i.GroupPurchaseServiceImplements [http-nio-4000-exec-16] 조회된 상품 리스트: 9
2025-05-09 15:59:42,678 INFO c.o.o.s.i.GroupPurchaseServiceImplements [http-nio-4000-exec-16] 전체 카테고리의 이름이 인 공동구매 상품 리스트를 불러옵니다.
2025-05-09 15:59:42,704 INFO c.o.o.s.i.GroupPurchaseServiceImplements [http-nio-4000-exec-7] 조회된 상품 리스트: 9
2025-05-09 15:59:42,704 INFO c.o.o.s.i.GroupPurchaseServiceImplements [http-nio-4000-exec-7] 전체 카테고리의 이름이 인 공동구매 상품 리스트를 불러옵니다.
2025-05-09 16:00:00,004 INFO c.o.o.h.ProductStatusScheduler [scheduling-1] 상품들의 상태를 체크합니다.
2025-05-09 16:00:39,740 INFO c.o.o.s.i.GroupPurchaseServiceImplements [http-nio-4000-exec-12] 조회된 상품 리스트: 9
2025-05-09 16:00:39,748 INFO c.o.o.s.i.GroupPurchaseServiceImplements [http-nio-4000-exec-12] 전체 카테고리의 이름이 인 공동구매 상품 리스트를 불러옵니다.
2025-05-09 16:00:39,828 INFO c.o.o.s.i.GroupPurchaseServiceImplements [http-nio-4000-exec-9] 조회된 상품 리스트: 9
2025-05-09 16:00:39,828 INFO c.o.o.s.i.GroupPurchaseServiceImplements [http-nio-4000-exec-9] 전체 카테고리의 이름이 인 공동구매 상품 리스트를 불러옵니다.
2025-05-09 16:00:40,541 INFO c.o.o.c.GroupPurchaseController [http-nio-4000-exec-14] 74번 상품의 리뷰 이미지 리스트를 불러옵니다.
2025-05-09 16:00:40,568 INFO c.o.o.c.GroupPurchaseController [http-nio-4000-exec-17] 74번 상품의 리뷰 이미지 리스트를 불러옵니다.
2025-05-09 16:00:40,571 INFO c.o.o.c.GroupPurchaseController [http-nio-4000-exec-12] 74번 상품의 리뷰 리스트를 불러옵니다.
2025-05-09 16:00:40,607 INFO c.o.o.c.GroupPurchaseController [http-nio-4000-exec-2] 74번 상품의 정보를 가져옵니다.
2025-05-09 16:00:40,624 INFO c.o.o.c.GroupPurchaseController [http-nio-4000-exec-1] 74번 상품의 리뷰 리스트를 불러옵니다.
2025-05-09 16:00:40,646 INFO c.o.o.c.GroupPurchaseController [http-nio-4000-exec-10] 74번 상품의 정보를 가져옵니다.
2025-05-09 16:00:45,149 INFO c.o.o.s.i.GroupPurchaseServiceImplements [http-nio-4000-exec-5] 조회된 상품 리스트: 9
2025-05-09 16:00:45,149 INFO c.o.o.s.i.GroupPurchaseServiceImplements [http-nio-4000-exec-5] 전체 카테고리의 이름이 인 공동구매 상품 리스트를 불러옵니다.
2025-05-09 16:00:45,184 INFO c.o.o.s.i.GroupPurchaseServiceImplements [http-nio-4000-exec-9] 조회된 상품 리스트: 9
2025-05-09 16:00:45,184 INFO c.o.o.s.i.GroupPurchaseServiceImplements [http-nio-4000-exec-9] 전체 카테고리의 이름이 인 공동구매 상품 리스트를 불러옵니다.
2025-05-09 16:00:48,733 INFO c.o.o.c.GroupPurchaseController [http-nio-4000-exec-2] 58번 상품의 리뷰 이미지 리스트를 불러옵니다.
2025-05-09 16:00:48,753 INFO c.o.o.c.GroupPurchaseController [http-nio-4000-exec-5] 58번 상품의 리뷰 리스트를 불러옵니다.
2025-05-09 16:00:48,765 INFO c.o.o.c.GroupPurchaseController [http-nio-4000-exec-9] 58번 상품의 리뷰 이미지 리스트를 불러옵니다.
2025-05-09 16:00:48,784 INFO c.o.o.c.GroupPurchaseController [http-nio-4000-exec-5] 58번 상품의 리뷰 리스트를 불러옵니다.
2025-05-09 16:00:48,784 INFO c.o.o.c.GroupPurchaseController [http-nio-4000-exec-10] 58번 상품의 정보를 가져옵니다.
2025-05-09 16:00:48,802 INFO c.o.o.c.GroupPurchaseController [http-nio-4000-exec-16] 58번 상품의 정보를 가져옵니다.
2025-05-09 16:01:00,004 INFO c.o.o.h.ProductStatusScheduler [scheduling-1] 상품들의 상태를 체크합니다.
2025-05-09 16:02:00,008 INFO c.o.o.h.ProductStatusScheduler [scheduling-1] 상품들의 상태를 체크합니다.
2025-05-09 16:03:00,006 INFO c.o.o.h.ProductStatusScheduler [scheduling-1] 상품들의 상태를 체크합니다.
2025-05-09 16:04:00,002 INFO c.o.o.h.ProductStatusScheduler [scheduling-1] 상품들의 상태를 체크합니다.
2025-05-09 16:05:00,003 INFO c.o.o.h.ProductStatusScheduler [scheduling-1] 상품들의 상태를 체크합니다.
2025-05-09 16:06:00,009 INFO c.o.o.h.ProductStatusScheduler [scheduling-1] 상품들의 상태를 체크합니다.
2025-05-09 16:07:00,005 INFO c.o.o.h.ProductStatusScheduler [scheduling-1] 상품들의 상태를 체크합니다.
2025-05-09 16:08:00,006 INFO c.o.o.h.ProductStatusScheduler [scheduling-1] 상품들의 상태를 체크합니다.
2025-05-09 16:08:18,796 INFO c.o.o.s.i.GroupPurchaseServiceImplements [http-nio-4000-exec-17] 조회된 상품 리스트: 9
2025-05-09 16:08:18,800 INFO c.o.o.s.i.GroupPurchaseServiceImplements [http-nio-4000-exec-17] 전체 카테고리의 이름이 인 공동구매 상품 리스트를 불러옵니다.
2025-05-09 16:08:18,811 INFO c.o.o.s.i.GroupPurchaseServiceImplements [http-nio-4000-exec-12] 조회된 상품 리스트: 9
2025-05-09 16:08:18,811 INFO c.o.o.s.i.GroupPurchaseServiceImplements [http-nio-4000-exec-12] 전체 카테고리의 이름이 인 공동구매 상품 리스트를 불러옵니다.
2025-05-09 16:08:20,571 INFO c.o.o.c.GroupPurchaseController [http-nio-4000-exec-1] 60번 상품의 리뷰 이미지 리스트를 불러옵니다.
2025-05-09 16:08:20,572 INFO c.o.o.c.GroupPurchaseController [http-nio-4000-exec-12] 60번 상품의 리뷰 리스트를 불러옵니다.
2025-05-09 16:08:20,591 INFO c.o.o.c.GroupPurchaseController [http-nio-4000-exec-3] 60번 상품의 리뷰 이미지 리스트를 불러옵니다.
2025-05-09 16:08:20,593 INFO c.o.o.c.GroupPurchaseController [http-nio-4000-exec-2] 60번 상품의 정보를 가져옵니다.
2025-05-09 16:08:20,597 INFO c.o.o.c.GroupPurchaseController [http-nio-4000-exec-10] 60번 상품의 리뷰 리스트를 불러옵니다.
2025-05-09 16:08:20,607 INFO c.o.o.c.GroupPurchaseController [http-nio-4000-exec-15] 60번 상품의 정보를 가져옵니다.
2025-05-09 16:08:23,973 INFO c.o.o.s.i.GroupPurchaseServiceImplements [http-nio-4000-exec-7] 조회된 상품 리스트: 9
2025-05-09 16:08:23,973 INFO c.o.o.s.i.GroupPurchaseServiceImplements [http-nio-4000-exec-7] 전체 카테고리의 이름이 인 공동구매 상품 리스트를 불러옵니다.
2025-05-09 16:08:23,993 INFO c.o.o.s.i.GroupPurchaseServiceImplements [http-nio-4000-exec-7] 조회된 상품 리스트: 9
2025-05-09 16:08:23,993 INFO c.o.o.s.i.GroupPurchaseServiceImplements [http-nio-4000-exec-7] 전체 카테고리의 이름이 인 공동구매 상품 리스트를 불러옵니다.
2025-05-09 16:08:28,534 INFO c.o.o.c.GroupPurchaseController [http-nio-4000-exec-7] 60번 상품의 리뷰 이미지 리스트를 불러옵니다.
2025-05-09 16:08:28,537 INFO c.o.o.c.GroupPurchaseController [http-nio-4000-exec-18] 60번 상품의 리뷰 리스트를 불러옵니다.
2025-05-09 16:08:28,548 INFO c.o.o.c.GroupPurchaseController [http-nio-4000-exec-9] 60번 상품의 리뷰 이미지 리스트를 불러옵니다.
2025-05-09 16:08:28,554 INFO c.o.o.c.GroupPurchaseController [http-nio-4000-exec-1] 60번 상품의 정보를 가져옵니다.
2025-05-09 16:08:28,558 INFO c.o.o.c.GroupPurchaseController [http-nio-4000-exec-18] 60번 상품의 리뷰 리스트를 불러옵니다.
2025-05-09 16:08:28,584 INFO c.o.o.c.GroupPurchaseController [http-nio-4000-exec-15] 60번 상품의 정보를 가져옵니다.
2025-05-09 16:08:38,681 INFO c.o.o.s.i.GroupPurchaseServiceImplements [http-nio-4000-exec-15] 조회된 상품 리스트: 9
2025-05-09 16:08:38,682 INFO c.o.o.s.i.GroupPurchaseServiceImplements [http-nio-4000-exec-15] 전체 카테고리의 이름이 인 공동구매 상품 리스트를 불러옵니다.
2025-05-09 16:08:38,694 INFO c.o.o.s.i.GroupPurchaseServiceImplements [http-nio-4000-exec-7] 조회된 상품 리스트: 9
2025-05-09 16:08:38,699 INFO c.o.o.s.i.GroupPurchaseServiceImplements [http-nio-4000-exec-7] 전체 카테고리의 이름이 인 공동구매 상품 리스트를 불러옵니다.
2025-05-09 16:08:41,733 INFO c.o.o.c.GroupPurchaseController [http-nio-4000-exec-15] 60번 상품의 리뷰 이미지 리스트를 불러옵니다.
2025-05-09 16:08:41,733 INFO c.o.o.c.GroupPurchaseController [http-nio-4000-exec-3] 60번 상품의 리뷰 리스트를 불러옵니다.
2025-05-09 16:08:41,781 INFO c.o.o.c.GroupPurchaseController [http-nio-4000-exec-18] 60번 상품의 리뷰 이미지 리스트를 불러옵니다.
2025-05-09 16:08:41,781 INFO c.o.o.c.GroupPurchaseController [http-nio-4000-exec-5] 60번 상품의 정보를 가져옵니다.
2025-05-09 16:08:41,788 INFO c.o.o.c.GroupPurchaseController [http-nio-4000-exec-12] 60번 상품의 리뷰 리스트를 불러옵니다.
2025-05-09 16:08:41,802 INFO c.o.o.c.GroupPurchaseController [http-nio-4000-exec-2] 60번 상품의 정보를 가져옵니다.
2025-05-09 16:09:00,003 INFO c.o.o.h.ProductStatusScheduler [scheduling-1] 상품들의 상태를 체크합니다.
2025-05-09 16:10:00,003 INFO c.o.o.h.ProductStatusScheduler [scheduling-1] 상품들의 상태를 체크합니다.
2025-05-09 16:10:37,221 INFO c.o.o.c.GroupPurchaseController [http-nio-4000-exec-7] 60번 상품의 리뷰 이미지 리스트를 불러옵니다.
2025-05-09 16:10:37,234 INFO c.o.o.c.GroupPurchaseController [http-nio-4000-exec-5] 60번 상품의 리뷰 리스트를 불러옵니다.
2025-05-09 16:10:37,304 INFO c.o.o.c.GroupPurchaseController [http-nio-4000-exec-18] 60번 상품의 리뷰 이미지 리스트를 불러옵니다.
2025-05-09 16:10:37,333 INFO c.o.o.c.GroupPurchaseController [http-nio-4000-exec-9] 60번 상품의 리뷰 리스트를 불러옵니다.
2025-05-09 16:10:37,335 INFO c.o.o.c.GroupPurchaseController [http-nio-4000-exec-15] 60번 상품의 정보를 가져옵니다.
2025-05-09 16:10:37,380 INFO c.o.o.c.GroupPurchaseController [http-nio-4000-exec-10] 60번 상품의 정보를 가져옵니다.
2025-05-09 16:11:00,012 INFO c.o.o.h.ProductStatusScheduler [scheduling-1] 상품들의 상태를 체크합니다.
2025-05-09 16:12:00,010 INFO c.o.o.h.ProductStatusScheduler [scheduling-1] 상품들의 상태를 체크합니다.
2025-05-09 16:12:55,715 INFO c.o.o.c.GroupPurchaseController [http-nio-4000-exec-17] 60번 상품의 리뷰 이미지 리스트를 불러옵니다.
2025-05-09 16:12:55,718 INFO c.o.o.c.GroupPurchaseController [http-nio-4000-exec-18] 60번 상품의 리뷰 리스트를 불러옵니다.
2025-05-09 16:12:55,728 INFO c.o.o.c.GroupPurchaseController [http-nio-4000-exec-2] 60번 상품의 정보를 가져옵니다.
2025-05-09 16:12:55,740 INFO c.o.o.c.GroupPurchaseController [http-nio-4000-exec-2] 60번 상품의 리뷰 이미지 리스트를 불러옵니다.
2025-05-09 16:12:55,749 INFO c.o.o.c.GroupPurchaseController [http-nio-4000-exec-1] 60번 상품의 리뷰 리스트를 불러옵니다.
2025-05-09 16:12:55,759 INFO c.o.o.c.GroupPurchaseController [http-nio-4000-exec-17] 60번 상품의 정보를 가져옵니다.
2025-05-09 16:13:00,006 INFO c.o.o.h.ProductStatusScheduler [scheduling-1] 상품들의 상태를 체크합니다.
2025-05-09 16:14:00,008 INFO c.o.o.h.ProductStatusScheduler [scheduling-1] 상품들의 상태를 체크합니다.
2025-05-09 16:15:00,005 INFO c.o.o.h.ProductStatusScheduler [scheduling-1] 상품들의 상태를 체크합니다.
2025-05-09 16:16:00,008 INFO c.o.o.h.ProductStatusScheduler [scheduling-1] 상품들의 상태를 체크합니다.
2025-05-09 16:17:00,021 INFO c.o.o.h.ProductStatusScheduler [scheduling-1] 상품들의 상태를 체크합니다.
2025-05-09 16:18:00,006 INFO c.o.o.h.ProductStatusScheduler [scheduling-1] 상품들의 상태를 체크합니다.
2025-05-09 16:19:00,006 INFO c.o.o.h.ProductStatusScheduler [scheduling-1] 상품들의 상태를 체크합니다.
2025-05-09 16:20:00,002 INFO c.o.o.h.ProductStatusScheduler [scheduling-1] 상품들의 상태를 체크합니다.
2025-05-09 16:21:00,038 INFO c.o.o.h.ProductStatusScheduler [scheduling-1] 상품들의 상태를 체크합니다.
2025-05-09 16:22:00,011 INFO c.o.o.h.ProductStatusScheduler [scheduling-1] 상품들의 상태를 체크합니다.
2025-05-09 16:23:00,008 INFO c.o.o.h.ProductStatusScheduler [scheduling-1] 상품들의 상태를 체크합니다.
2025-05-09 16:24:00,007 INFO c.o.o.h.ProductStatusScheduler [scheduling-1] 상품들의 상태를 체크합니다.
2025-05-09 16:25:00,001 INFO c.o.o.h.ProductStatusScheduler [scheduling-1] 상품들의 상태를 체크합니다.
2025-05-09 16:26:00,008 INFO c.o.o.h.ProductStatusScheduler [scheduling-1] 상품들의 상태를 체크합니다.
2025-05-09 16:27:00,001 INFO c.o.o.h.ProductStatusScheduler [scheduling-1] 상품들의 상태를 체크합니다.
2025-05-09 16:28:00,007 INFO c.o.o.h.ProductStatusScheduler [scheduling-1] 상품들의 상태를 체크합니다.
2025-05-09 16:29:00,004 INFO c.o.o.h.ProductStatusScheduler [scheduling-1] 상품들의 상태를 체크합니다.
2025-05-09 16:30:00,006 INFO c.o.o.h.ProductStatusScheduler [scheduling-1] 상품들의 상태를 체크합니다.
2025-05-09 16:31:00,014 INFO c.o.o.h.ProductStatusScheduler [scheduling-1] 상품들의 상태를 체크합니다.
2025-05-09 16:32:00,008 INFO c.o.o.h.ProductStatusScheduler [scheduling-1] 상품들의 상태를 체크합니다.
2025-05-09 16:33:00,004 INFO c.o.o.h.ProductStatusScheduler [scheduling-1] 상품들의 상태를 체크합니다.
2025-05-09 16:34:00,005 INFO c.o.o.h.ProductStatusScheduler [scheduling-1] 상품들의 상태를 체크합니다.
2025-05-09 16:35:00,004 INFO c.o.o.h.ProductStatusScheduler [scheduling-1] 상품들의 상태를 체크합니다.
2025-05-09 16:36:00,007 INFO c.o.o.h.ProductStatusScheduler [scheduling-1] 상품들의 상태를 체크합니다.
2025-05-09 16:37:00,010 INFO c.o.o.h.ProductStatusScheduler [scheduling-1] 상품들의 상태를 체크합니다.
2025-05-09 16:38:00,003 INFO c.o.o.h.ProductStatusScheduler [scheduling-1] 상품들의 상태를 체크합니다.
2025-05-09 16:39:00,004 INFO c.o.o.h.ProductStatusScheduler [scheduling-1] 상품들의 상태를 체크합니다.
2025-05-09 16:40:00,009 INFO c.o.o.h.ProductStatusScheduler [scheduling-1] 상품들의 상태를 체크합니다.
2025-05-09 16:41:00,004 INFO c.o.o.h.ProductStatusScheduler [scheduling-1] 상품들의 상태를 체크합니다.
2025-05-09 16:41:32,284 INFO c.o.o.s.i.GroupPurchaseServiceImplements [http-nio-4000-exec-19] 조회된 상품 리스트: 9
2025-05-09 16:41:32,286 INFO c.o.o.s.i.GroupPurchaseServiceImplements [http-nio-4000-exec-19] 전체 카테고리의 이름이 인 공동구매 상품 리스트를 불러옵니다.
2025-05-09 16:41:32,323 INFO c.o.o.s.i.GroupPurchaseServiceImplements [http-nio-4000-exec-2] 조회된 상품 리스트: 9
2025-05-09 16:41:32,324 INFO c.o.o.s.i.GroupPurchaseServiceImplements [http-nio-4000-exec-2] 전체 카테고리의 이름이 인 공동구매 상품 리스트를 불러옵니다.
2025-05-09 16:42:00,003 INFO c.o.o.h.ProductStatusScheduler [scheduling-1] 상품들의 상태를 체크합니다.
2025-05-09 16:43:00,008 INFO c.o.o.h.ProductStatusScheduler [scheduling-1] 상품들의 상태를 체크합니다.
2025-05-09 16:44:00,010 INFO c.o.o.h.ProductStatusScheduler [scheduling-1] 상품들의 상태를 체크합니다.
2025-05-09 16:45:00,002 INFO c.o.o.h.ProductStatusScheduler [scheduling-1] 상품들의 상태를 체크합니다.
2025-05-09 16:46:00,007 INFO c.o.o.h.ProductStatusScheduler [scheduling-1] 상품들의 상태를 체크합니다.
2025-05-09 16:46:55,661 INFO c.o.o.s.i.GroupPurchaseServiceImplements [http-nio-4000-exec-19] 조회된 상품 리스트: 9
2025-05-09 16:46:55,666 INFO c.o.o.s.i.GroupPurchaseServiceImplements [http-nio-4000-exec-19] 전체 카테고리의 이름이 인 공동구매 상품 리스트를 불러옵니다.
2025-05-09 16:46:55,724 INFO c.o.o.s.i.GroupPurchaseServiceImplements [http-nio-4000-exec-18] 조회된 상품 리스트: 9
2025-05-09 16:46:55,760 INFO c.o.o.s.i.GroupPurchaseServiceImplements [http-nio-4000-exec-18] 전체 카테고리의 이름이 인 공동구매 상품 리스트를 불러옵니다.
2025-05-09 16:47:00,005 INFO c.o.o.h.ProductStatusScheduler [scheduling-1] 상품들의 상태를 체크합니다.
2025-05-09 16:47:01,271 INFO c.o.o.s.i.GroupPurchaseServiceImplements [http-nio-4000-exec-17] 조회된 상품 리스트: 9
2025-05-09 16:47:01,272 INFO c.o.o.s.i.GroupPurchaseServiceImplements [http-nio-4000-exec-17] 전체 카테고리의 이름이 인 공동구매 상품 리스트를 불러옵니다.
2025-05-09 16:47:01,285 INFO c.o.o.s.i.GroupPurchaseServiceImplements [http-nio-4000-exec-18] 조회된 상품 리스트: 9
2025-05-09 16:47:01,285 INFO c.o.o.s.i.GroupPurchaseServiceImplements [http-nio-4000-exec-18] 전체 카테고리의 이름이 인 공동구매 상품 리스트를 불러옵니다.
2025-05-09 16:48:00,010 INFO c.o.o.h.ProductStatusScheduler [scheduling-1] 상품들의 상태를 체크합니다.
2025-05-09 16:49:00,015 INFO c.o.o.h.ProductStatusScheduler [scheduling-1] 상품들의 상태를 체크합니다.
2025-05-09 16:50:00,006 INFO c.o.o.h.ProductStatusScheduler [scheduling-1] 상품들의 상태를 체크합니다.
2025-05-09 16:51:00,010 INFO c.o.o.h.ProductStatusScheduler [scheduling-1] 상품들의 상태를 체크합니다.
2025-05-09 16:52:00,006 INFO c.o.o.h.ProductStatusScheduler [scheduling-1] 상품들의 상태를 체크합니다.
2025-05-09 16:53:00,012 INFO c.o.o.h.ProductStatusScheduler [scheduling-1] 상품들의 상태를 체크합니다.
2025-05-09 16:54:00,010 INFO c.o.o.h.ProductStatusScheduler [scheduling-1] 상품들의 상태를 체크합니다.
2025-05-09 16:54:09,094 INFO c.o.o.c.GroupPurchaseController [http-nio-4000-exec-1] 73번 상품의 리뷰 이미지 리스트를 불러옵니다.
2025-05-09 16:54:09,094 INFO c.o.o.c.GroupPurchaseController [http-nio-4000-exec-21] 73번 상품의 리뷰 리스트를 불러옵니다.
2025-05-09 16:54:09,132 INFO c.o.o.c.GroupPurchaseController [http-nio-4000-exec-9] 73번 상품의 정보를 가져옵니다.
2025-05-09 16:54:09,133 INFO c.o.o.c.GroupPurchaseController [http-nio-4000-exec-19] 73번 상품의 리뷰 이미지 리스트를 불러옵니다.
2025-05-09 16:54:09,142 INFO c.o.o.c.GroupPurchaseController [http-nio-4000-exec-7] 73번 상품의 리뷰 리스트를 불러옵니다.
2025-05-09 16:54:09,172 INFO c.o.o.c.GroupPurchaseController [http-nio-4000-exec-3] 73번 상품의 정보를 가져옵니다.
2025-05-09 16:54:10,710 INFO c.o.o.s.i.GroupPurchaseServiceImplements [http-nio-4000-exec-9] 조회된 상품 리스트: 9
2025-05-09 16:54:10,710 INFO c.o.o.s.i.GroupPurchaseServiceImplements [http-nio-4000-exec-9] 전체 카테고리의 이름이 인 공동구매 상품 리스트를 불러옵니다.
2025-05-09 16:54:10,724 INFO c.o.o.s.i.GroupPurchaseServiceImplements [http-nio-4000-exec-20] 조회된 상품 리스트: 9
2025-05-09 16:54:10,726 INFO c.o.o.s.i.GroupPurchaseServiceImplements [http-nio-4000-exec-20] 전체 카테고리의 이름이 인 공동구매 상품 리스트를 불러옵니다.
2025-05-09 16:54:31,168 INFO c.o.o.c.GroupPurchaseController [http-nio-4000-exec-9] 61번 상품의 리뷰 이미지 리스트를 불러옵니다.
2025-05-09 16:54:31,174 INFO c.o.o.c.GroupPurchaseController [http-nio-4000-exec-7] 61번 상품의 리뷰 이미지 리스트를 불러옵니다.
2025-05-09 16:54:31,174 INFO c.o.o.c.GroupPurchaseController [http-nio-4000-exec-18] 61번 상품의 리뷰 리스트를 불러옵니다.
2025-05-09 16:54:31,178 INFO c.o.o.c.GroupPurchaseController [http-nio-4000-exec-3] 61번 상품의 정보를 가져옵니다.
2025-05-09 16:54:31,183 INFO c.o.o.c.GroupPurchaseController [http-nio-4000-exec-21] 61번 상품의 리뷰 리스트를 불러옵니다.
2025-05-09 16:54:31,194 INFO c.o.o.c.GroupPurchaseController [http-nio-4000-exec-19] 61번 상품의 정보를 가져옵니다.
2025-05-09 16:54:35,659 INFO c.o.o.s.i.GroupPurchaseServiceImplements [http-nio-4000-exec-3] 조회된 상품 리스트: 9
2025-05-09 16:54:35,660 INFO c.o.o.s.i.GroupPurchaseServiceImplements [http-nio-4000-exec-3] 전체 카테고리의 이름이 인 공동구매 상품 리스트를 불러옵니다.
2025-05-09 16:54:35,671 INFO c.o.o.s.i.GroupPurchaseServiceImplements [http-nio-4000-exec-18] 조회된 상품 리스트: 9
2025-05-09 16:54:35,672 INFO c.o.o.s.i.GroupPurchaseServiceImplements [http-nio-4000-exec-18] 전체 카테고리의 이름이 인 공동구매 상품 리스트를 불러옵니다.
2025-05-09 16:54:37,119 INFO c.o.o.c.GroupPurchaseController [http-nio-4000-exec-5] 59번 상품의 리뷰 이미지 리스트를 불러옵니다.
2025-05-09 16:54:37,132 INFO c.o.o.c.GroupPurchaseController [http-nio-4000-exec-17] 59번 상품의 정보를 가져옵니다.
2025-05-09 16:54:37,136 INFO c.o.o.c.GroupPurchaseController [http-nio-4000-exec-3] 59번 상품의 리뷰 이미지 리스트를 불러옵니다.
2025-05-09 16:54:37,146 INFO c.o.o.c.GroupPurchaseController [http-nio-4000-exec-19] 59번 상품의 정보를 가져옵니다.
2025-05-09 16:54:37,171 INFO c.o.o.c.GroupPurchaseController [http-nio-4000-exec-18] 59번 상품의 리뷰 리스트를 불러옵니다.
2025-05-09 16:54:37,253 INFO c.o.o.c.GroupPurchaseController [http-nio-4000-exec-5] 59번 상품의 리뷰 리스트를 불러옵니다.
2025-05-09 16:54:46,725 INFO c.o.o.c.GroupPurchaseController [http-nio-4000-exec-9] 59번 상품의 리뷰 리스트를 불러옵니다.
2025-05-09 16:54:46,727 INFO c.o.o.c.GroupPurchaseController [http-nio-4000-exec-21] 59번 상품의 리뷰 이미지 리스트를 불러옵니다.
2025-05-09 16:54:46,761 INFO c.o.o.c.GroupPurchaseController [http-nio-4000-exec-21] 59번 상품의 리뷰 이미지 리스트를 불러옵니다.
2025-05-09 16:54:46,761 INFO c.o.o.c.GroupPurchaseController [http-nio-4000-exec-9] 59번 상품의 리뷰 리스트를 불러옵니다.
2025-05-09 16:54:46,767 INFO c.o.o.c.GroupPurchaseController [http-nio-4000-exec-7] 59번 상품의 정보를 가져옵니다.
2025-05-09 16:54:46,803 INFO c.o.o.c.GroupPurchaseController [http-nio-4000-exec-20] 59번 상품의 정보를 가져옵니다.
2025-05-09 16:55:00,007 INFO c.o.o.h.ProductStatusScheduler [scheduling-1] 상품들의 상태를 체크합니다.
2025-05-09 16:56:00,004 INFO c.o.o.h.ProductStatusScheduler [scheduling-1] 상품들의 상태를 체크합니다.
2025-05-09 16:57:00,013 INFO c.o.o.h.ProductStatusScheduler [scheduling-1] 상품들의 상태를 체크합니다.
2025-05-09 16:58:00,206 INFO c.o.o.h.ProductStatusScheduler [scheduling-1] 상품들의 상태를 체크합니다.
2025-05-09 16:59:00,007 INFO c.o.o.h.ProductStatusScheduler [scheduling-1] 상품들의 상태를 체크합니다.
2025-05-09 17:00:00,008 INFO c.o.o.h.ProductStatusScheduler [scheduling-1] 상품들의 상태를 체크합니다.
2025-05-09 17:01:00,007 INFO c.o.o.h.ProductStatusScheduler [scheduling-1] 상품들의 상태를 체크합니다.
2025-05-09 17:02:00,007 INFO c.o.o.h.ProductStatusScheduler [scheduling-1] 상품들의 상태를 체크합니다.
2025-05-09 17:03:00,007 INFO c.o.o.h.ProductStatusScheduler [scheduling-1] 상품들의 상태를 체크합니다.
2025-05-09 17:04:00,008 INFO c.o.o.h.ProductStatusScheduler [scheduling-1] 상품들의 상태를 체크합니다.
2025-05-09 17:05:00,006 INFO c.o.o.h.ProductStatusScheduler [scheduling-1] 상품들의 상태를 체크합니다.
2025-05-09 17:06:00,009 INFO c.o.o.h.ProductStatusScheduler [scheduling-1] 상품들의 상태를 체크합니다.
2025-05-09 17:06:32,998 INFO o.s.b.w.e.t.GracefulShutdown [SpringApplicationShutdownHook] Commencing graceful shutdown. Waiting for active requests to complete
2025-05-09 17:06:33,039 INFO o.s.b.w.e.t.GracefulShutdown [tomcat-shutdown] Graceful shutdown complete
2025-05-09 17:06:33,140 INFO o.s.o.j.AbstractEntityManagerFactoryBean [SpringApplicationShutdownHook] Closing JPA EntityManagerFactory for persistence unit 'default'
2025-05-09 17:26:29,442 INFO o.s.b.StartupInfoLogger [main] Starting OngiBackApplication using Java 21.0.3 with PID 49112 (/Users/yookyubong/Documents/kyubongyoo/Ongi/ongi-back/build/classes/java/main started by yookyubong in /Users/yookyubong/Documents/kyubongyoo/Ongi)
2025-05-09 17:26:29,461 DEBUG o.s.b.StartupInfoLogger [main] Running with Spring Boot v3.4.4, Spring v6.2.5
2025-05-09 17:26:29,466 INFO o.s.b.SpringApplication [main] No active profile set, falling back to 1 default profile: "default"
2025-05-09 17:26:31,930 INFO o.s.d.r.c.RepositoryConfigurationDelegate [main] Multiple Spring Data modules found, entering strict repository configuration mode
2025-05-09 17:26:31,934 INFO o.s.d.r.c.RepositoryConfigurationDelegate [main] Bootstrapping Spring Data JPA repositories in DEFAULT mode.
2025-05-09 17:26:32,406 INFO o.s.d.r.c.RepositoryConfigurationDelegate [main] Finished Spring Data repository scanning in 453 ms. Found 26 JPA repository interfaces.
2025-05-09 17:26:32,621 INFO o.s.d.r.c.RepositoryConfigurationDelegate [main] Multiple Spring Data modules found, entering strict repository configuration mode
2025-05-09 17:26:32,624 INFO o.s.d.r.c.RepositoryConfigurationDelegate [main] Bootstrapping Spring Data Redis repositories in DEFAULT mode.
2025-05-09 17:26:32,715 INFO o.s.d.r.c.RepositoryConfigurationExtensionSupport [main] Spring Data Redis - Could not safely identify store assignment for repository candidate interface com.ongi.ongi_back.repository.AlertRespository; If you want this repository to be a Redis repository, consider annotating your entities with one of these annotations: org.springframework.data.redis.core.RedisHash (preferred), or consider extending one of the following types with your repository: org.springframework.data.keyvalue.repository.KeyValueRepository
2025-05-09 17:26:32,722 INFO o.s.d.r.c.RepositoryConfigurationExtensionSupport [main] Spring Data Redis - Could not safely identify store assignment for repository candidate interface com.ongi.ongi_back.repository.BadgeRespository; If you want this repository to be a Redis repository, consider annotating your entities with one of these annotations: org.springframework.data.redis.core.RedisHash (preferred), or consider extending one of the following types with your repository: org.springframework.data.keyvalue.repository.KeyValueRepository
2025-05-09 17:26:32,722 INFO o.s.d.r.c.RepositoryConfigurationExtensionSupport [main] Spring Data Redis - Could not safely identify store assignment for repository candidate interface com.ongi.ongi_back.repository.CalendarRepository; If you want this repository to be a Redis repository, consider annotating your entities with one of these annotations: org.springframework.data.redis.core.RedisHash (preferred), or consider extending one of the following types with your repository: org.springframework.data.keyvalue.repository.KeyValueRepository
2025-05-09 17:26:32,723 INFO o.s.d.r.c.RepositoryConfigurationExtensionSupport [main] Spring Data Redis - Could not safely identify store assignment for repository candidate interface com.ongi.ongi_back.repository.ChatRepository; If you want this repository to be a Redis repository, consider annotating your entities with one of these annotations: org.springframework.data.redis.core.RedisHash (preferred), or consider extending one of the following types with your repository: org.springframework.data.keyvalue.repository.KeyValueRepository
2025-05-09 17:26:32,723 INFO o.s.d.r.c.RepositoryConfigurationExtensionSupport [main] Spring Data Redis - Could not safely identify store assignment for repository candidate interface com.ongi.ongi_back.repository.CommunityCommentRepository; If you want this repository to be a Redis repository, consider annotating your entities with one of these annotations: org.springframework.data.redis.core.RedisHash (preferred), or consider extending one of the following types with your repository: org.springframework.data.keyvalue.repository.KeyValueRepository
2025-05-09 17:26:32,724 INFO o.s.d.r.c.RepositoryConfigurationExtensionSupport [main] Spring Data Redis - Could not safely identify store assignment for repository candidate interface com.ongi.ongi_back.repository.CommunityPostRepository; If you want this repository to be a Redis repository, consider annotating your entities with one of these annotations: org.springframework.data.redis.core.RedisHash (preferred), or consider extending one of the following types with your repository: org.springframework.data.keyvalue.repository.KeyValueRepository
2025-05-09 17:26:32,726 INFO o.s.d.r.c.RepositoryConfigurationExtensionSupport [main] Spring Data Redis - Could not safely identify store assignment for repository candidate interface com.ongi.ongi_back.repository.HelperApplyRepository; If you want this repository to be a Redis repository, consider annotating your entities with one of these annotations: org.springframework.data.redis.core.RedisHash (preferred), or consider extending one of the following types with your repository: org.springframework.data.keyvalue.repository.KeyValueRepository
2025-05-09 17:26:32,728 INFO o.s.d.r.c.RepositoryConfigurationExtensionSupport [main] Spring Data Redis - Could not safely identify store assignment for repository candidate interface com.ongi.ongi_back.repository.HelperCommentRepository; If you want this repository to be a Redis repository, consider annotating your entities with one of these annotations: org.springframework.data.redis.core.RedisHash (preferred), or consider extending one of the following types with your repository: org.springframework.data.keyvalue.repository.KeyValueRepository
2025-05-09 17:26:32,730 INFO o.s.d.r.c.RepositoryConfigurationExtensionSupport [main] Spring Data Redis - Could not safely identify store assignment for repository candidate interface com.ongi.ongi_back.repository.HelperPostRepository; If you want this repository to be a Redis repository, consider annotating your entities with one of these annotations: org.springframework.data.redis.core.RedisHash (preferred), or consider extending one of the following types with your repository: org.springframework.data.keyvalue.repository.KeyValueRepository
2025-05-09 17:26:32,731 INFO o.s.d.r.c.RepositoryConfigurationExtensionSupport [main] Spring Data Redis - Could not safely identify store assignment for repository candidate interface com.ongi.ongi_back.repository.LikeKeywordRepository; If you want this repository to be a Redis repository, consider annotating your entities with one of these annotations: org.springframework.data.redis.core.RedisHash (preferred), or consider extending one of the following types with your repository: org.springframework.data.keyvalue.repository.KeyValueRepository
2025-05-09 17:26:32,733 INFO o.s.d.r.c.RepositoryConfigurationExtensionSupport [main] Spring Data Redis - Could not safely identify store assignment for repository candidate interface com.ongi.ongi_back.repository.LikedRepository; If you want this repository to be a Redis repository, consider annotating your entities with one of these annotations: org.springframework.data.redis.core.RedisHash (preferred), or consider extending one of the following types with your repository: org.springframework.data.keyvalue.repository.KeyValueRepository
2025-05-09 17:26:32,734 INFO o.s.d.r.c.RepositoryConfigurationExtensionSupport [main] Spring Data Redis - Could not safely identify store assignment for repository candidate interface com.ongi.ongi_back.repository.NoticeRepository; If you want this repository to be a Redis repository, consider annotating your entities with one of these annotations: org.springframework.data.redis.core.RedisHash (preferred), or consider extending one of the following types with your repository: org.springframework.data.keyvalue.repository.KeyValueRepository
2025-05-09 17:26:32,735 INFO o.s.d.r.c.RepositoryConfigurationExtensionSupport [main] Spring Data Redis - Could not safely identify store assignment for repository candidate interface com.ongi.ongi_back.repository.OrderItemRepository; If you want this repository to be a Redis repository, consider annotating your entities with one of these annotations: org.springframework.data.redis.core.RedisHash (preferred), or consider extending one of the following types with your repository: org.springframework.data.keyvalue.repository.KeyValueRepository
2025-05-09 17:26:32,737 INFO o.s.d.r.c.RepositoryConfigurationExtensionSupport [main] Spring Data Redis - Could not safely identify store assignment for repository candidate interface com.ongi.ongi_back.repository.OrderRepository; If you want this repository to be a Redis repository, consider annotating your entities with one of these annotations: org.springframework.data.redis.core.RedisHash (preferred), or consider extending one of the following types with your repository: org.springframework.data.keyvalue.repository.KeyValueRepository
2025-05-09 17:26:32,738 INFO o.s.d.r.c.RepositoryConfigurationExtensionSupport [main] Spring Data Redis - Could not safely identify store assignment for repository candidate interface com.ongi.ongi_back.repository.PaymentCancelRepository; If you want this repository to be a Redis repository, consider annotating your entities with one of these annotations: org.springframework.data.redis.core.RedisHash (preferred), or consider extending one of the following types with your repository: org.springframework.data.keyvalue.repository.KeyValueRepository
2025-05-09 17:26:32,739 INFO o.s.d.r.c.RepositoryConfigurationExtensionSupport [main] Spring Data Redis - Could not safely identify store assignment for repository candidate interface com.ongi.ongi_back.repository.PaymentConformRepository; If you want this repository to be a Redis repository, consider annotating your entities with one of these annotations: org.springframework.data.redis.core.RedisHash (preferred), or consider extending one of the following types with your repository: org.springframework.data.keyvalue.repository.KeyValueRepository
2025-05-09 17:26:32,740 INFO o.s.d.r.c.RepositoryConfigurationExtensionSupport [main] Spring Data Redis - Could not safely identify store assignment for repository candidate interface com.ongi.ongi_back.repository.ProductRepository; If you want this repository to be a Redis repository, consider annotating your entities with one of these annotations: org.springframework.data.redis.core.RedisHash (preferred), or consider extending one of the following types with your repository: org.springframework.data.keyvalue.repository.KeyValueRepository
2025-05-09 17:26:32,743 INFO o.s.d.r.c.RepositoryConfigurationExtensionSupport [main] Spring Data Redis - Could not safely identify store assignment for repository candidate interface com.ongi.ongi_back.repository.ProductReviewRepository; If you want this repository to be a Redis repository, consider annotating your entities with one of these annotations: org.springframework.data.redis.core.RedisHash (preferred), or consider extending one of the following types with your repository: org.springframework.data.keyvalue.repository.KeyValueRepository
2025-05-09 17:26:32,743 INFO o.s.d.r.c.RepositoryConfigurationExtensionSupport [main] Spring Data Redis - Could not safely identify store assignment for repository candidate interface com.ongi.ongi_back.repository.QuestionRepository; If you want this repository to be a Redis repository, consider annotating your entities with one of these annotations: org.springframework.data.redis.core.RedisHash (preferred), or consider extending one of the following types with your repository: org.springframework.data.keyvalue.repository.KeyValueRepository
2025-05-09 17:26:32,744 INFO o.s.d.r.c.RepositoryConfigurationExtensionSupport [main] Spring Data Redis - Could not safely identify store assignment for repository candidate interface com.ongi.ongi_back.repository.ReportRepository; If you want this repository to be a Redis repository, consider annotating your entities with one of these annotations: org.springframework.data.redis.core.RedisHash (preferred), or consider extending one of the following types with your repository: org.springframework.data.keyvalue.repository.KeyValueRepository
2025-05-09 17:26:32,744 INFO o.s.d.r.c.RepositoryConfigurationExtensionSupport [main] Spring Data Redis - Could not safely identify store assignment for repository candidate interface com.ongi.ongi_back.repository.ReviewImagesRepository; If you want this repository to be a Redis repository, consider annotating your entities with one of these annotations: org.springframework.data.redis.core.RedisHash (preferred), or consider extending one of the following types with your repository: org.springframework.data.keyvalue.repository.KeyValueRepository
2025-05-09 17:26:32,745 INFO o.s.d.r.c.RepositoryConfigurationExtensionSupport [main] Spring Data Redis - Could not safely identify store assignment for repository candidate interface com.ongi.ongi_back.repository.ShoppingCartRepository; If you want this repository to be a Redis repository, consider annotating your entities with one of these annotations: org.springframework.data.redis.core.RedisHash (preferred), or consider extending one of the following types with your repository: org.springframework.data.keyvalue.repository.KeyValueRepository
2025-05-09 17:26:32,746 INFO o.s.d.r.c.RepositoryConfigurationExtensionSupport [main] Spring Data Redis - Could not safely identify store assignment for repository candidate interface com.ongi.ongi_back.repository.StockReservationRepository; If you want this repository to be a Redis repository, consider annotating your entities with one of these annotations: org.springframework.data.redis.core.RedisHash (preferred), or consider extending one of the following types with your repository: org.springframework.data.keyvalue.repository.KeyValueRepository
2025-05-09 17:26:32,747 INFO o.s.d.r.c.RepositoryConfigurationExtensionSupport [main] Spring Data Redis - Could not safely identify store assignment for repository candidate interface com.ongi.ongi_back.repository.UserRepository; If you want this repository to be a Redis repository, consider annotating your entities with one of these annotations: org.springframework.data.redis.core.RedisHash (preferred), or consider extending one of the following types with your repository: org.springframework.data.keyvalue.repository.KeyValueRepository
2025-05-09 17:26:32,748 INFO o.s.d.r.c.RepositoryConfigurationExtensionSupport [main] Spring Data Redis - Could not safely identify store assignment for repository candidate interface com.ongi.ongi_back.repository.VerificationCodeRepository; If you want this repository to be a Redis repository, consider annotating your entities with one of these annotations: org.springframework.data.redis.core.RedisHash (preferred), or consider extending one of the following types with your repository: org.springframework.data.keyvalue.repository.KeyValueRepository
2025-05-09 17:26:32,749 INFO o.s.d.r.c.RepositoryConfigurationExtensionSupport [main] Spring Data Redis - Could not safely identify store assignment for repository candidate interface com.ongi.ongi_back.repository.WishListRepository; If you want this repository to be a Redis repository, consider annotating your entities with one of these annotations: org.springframework.data.redis.core.RedisHash (preferred), or consider extending one of the following types with your repository: org.springframework.data.keyvalue.repository.KeyValueRepository
2025-05-09 17:26:32,749 INFO o.s.d.r.c.RepositoryConfigurationDelegate [main] Finished Spring Data repository scanning in 91 ms. Found 0 Redis repository interfaces.
2025-05-09 17:26:34,846 INFO o.s.b.w.e.t.TomcatWebServer [main] Tomcat initialized with port 4000 (http)
2025-05-09 17:26:34,983 INFO o.s.b.w.s.c.ServletWebServerApplicationContext [main] Root WebApplicationContext: initialization completed in 5394 ms
2025-05-09 17:26:36,559 INFO o.s.o.j.p.SpringPersistenceUnitInfo [main] No LoadTimeWeaver setup: ignoring JPA class transformer
2025-05-09 17:26:39,844 INFO o.s.o.j.AbstractEntityManagerFactoryBean [main] Initialized JPA EntityManagerFactory for persistence unit 'default'
2025-05-09 17:26:40,483 DEBUG o.s.w.f.GenericFilterBean [main] Filter 'jwtAuthenticationFilter' configured for use
2025-05-09 17:26:41,708 INFO o.s.d.j.r.q.QueryEnhancerFactory [main] Hibernate is in classpath; If applicable, HQL parser will be used.
2025-05-09 17:26:46,029 WARN o.s.b.a.o.j.JpaBaseConfiguration$JpaWebConfiguration [main] spring.jpa.open-in-view is enabled by default. Therefore, database queries may be performed during view rendering. Explicitly configure spring.jpa.open-in-view to disable this warning
2025-05-09 17:26:47,408 DEBUG c.o.o.c.WebSecurityConfig [main] [+] WebConfig Start !!
2025-05-09 17:26:48,117 INFO o.s.b.w.e.t.TomcatWebServer [main] Tomcat started on port 4000 (http) with context path '/'
2025-05-09 17:26:48,154 INFO o.s.b.StartupInfoLogger [main] Started OngiBackApplication in 20.015 seconds (process running for 21.643)
2025-05-09 17:26:51,518 INFO o.s.w.s.FrameworkServlet [http-nio-4000-exec-8] Initializing Servlet 'dispatcherServlet'
2025-05-09 17:26:51,524 INFO o.s.w.s.FrameworkServlet [http-nio-4000-exec-8] Completed initialization in 5 ms
2025-05-09 17:26:51,832 INFO c.o.o.c.AuthContoller [http-nio-4000-exec-6] zxcv1234
2025-05-09 17:26:51,832 INFO c.o.o.c.AuthContoller [http-nio-4000-exec-6] 로그인 했습니다.
2025-05-09 17:26:52,509 INFO c.o.o.s.i.GroupPurchaseServiceImplements [http-nio-4000-exec-10] 조회된 상품 리스트: 9
2025-05-09 17:26:52,514 INFO c.o.o.s.i.GroupPurchaseServiceImplements [http-nio-4000-exec-10] null 카테고리의 이름이 null인 공동구매 상품 리스트를 불러옵니다.
2025-05-09 17:26:52,676 INFO c.o.o.s.i.GroupPurchaseServiceImplements [http-nio-4000-exec-8] 조회된 상품 리스트: 9
2025-05-09 17:26:52,677 INFO c.o.o.s.i.GroupPurchaseServiceImplements [http-nio-4000-exec-8] null 카테고리의 이름이 null인 공동구매 상품 리스트를 불러옵니다.
2025-05-09 17:26:52,748 ERROR c.o.o.f.JwtAuthenticationFilter [http-nio-4000-exec-6] Unexpected error: URL [file:C:/Users/surim/upload/613b9c05-ceb2-4d83-9a69-cabccfab5d82.jpg] cannot be resolved in the file system for checking its content length
2025-05-09 17:26:52,755 ERROR c.o.o.f.JwtAuthenticationFilter [http-nio-4000-exec-7] Unexpected error: URL [file:C:/Users/surim/upload/38710165-a969-4dfa-bf47-d2f0b8e9d3cc.jpg] cannot be resolved in the file system for checking its content length
2025-05-09 17:26:52,755 ERROR c.o.o.f.JwtAuthenticationFilter [http-nio-4000-exec-9] Unexpected error: URL [file:C:/Users/surim/upload/b7fe6097-1b9d-4dfd-a650-cb2f503cd551.png] cannot be resolved in the file system for checking its content length
2025-05-09 17:26:52,756 ERROR c.o.o.f.JwtAuthenticationFilter [http-nio-4000-exec-2] Unexpected error: URL [file:C:/Users/surim/upload/f259a87c-76c6-4691-a4ab-ad0146559b3f.jpg] cannot be resolved in the file system for checking its content length
2025-05-09 17:26:52,789 ERROR c.o.o.c.AuthenticationFailEntryPoint [http-nio-4000-exec-9] Authentication failed: Full authentication is required to access this resource
2025-05-09 17:26:52,789 ERROR c.o.o.c.AuthenticationFailEntryPoint [http-nio-4000-exec-7] Authentication failed: Full authentication is required to access this resource
2025-05-09 17:26:52,789 ERROR c.o.o.c.AuthenticationFailEntryPoint [http-nio-4000-exec-2] Authentication failed: Full authentication is required to access this resource
2025-05-09 17:26:52,789 ERROR c.o.o.c.AuthenticationFailEntryPoint [http-nio-4000-exec-6] Authentication failed: Full authentication is required to access this resource
2025-05-09 17:26:56,801 INFO c.o.o.s.i.GroupPurchaseServiceImplements [http-nio-4000-exec-1] 조회된 상품 리스트: 9
2025-05-09 17:26:56,802 INFO c.o.o.s.i.GroupPurchaseServiceImplements [http-nio-4000-exec-1] 전체 카테고리의 이름이 인 공동구매 상품 리스트를 불러옵니다.
2025-05-09 17:26:56,913 INFO c.o.o.s.i.GroupPurchaseServiceImplements [http-nio-4000-exec-3] 조회된 상품 리스트: 9
2025-05-09 17:26:56,917 INFO c.o.o.s.i.GroupPurchaseServiceImplements [http-nio-4000-exec-3] 전체 카테고리의 이름이 인 공동구매 상품 리스트를 불러옵니다.
2025-05-09 17:26:56,924 ERROR c.o.o.f.JwtAuthenticationFilter [http-nio-4000-exec-8] Unexpected error: URL [file:C:/Users/surim/upload/7840f210-741a-42a2-8e06-08160a983695.jpg] cannot be resolved in the file system for checking its content length
2025-05-09 17:26:56,924 ERROR c.o.o.f.JwtAuthenticationFilter [http-nio-4000-exec-9] Unexpected error: URL [file:C:/Users/surim/upload/38710165-a969-4dfa-bf47-d2f0b8e9d3cc.jpg] cannot be resolved in the file system for checking its content length
2025-05-09 17:26:56,924 ERROR c.o.o.f.JwtAuthenticationFilter [http-nio-4000-exec-5] Unexpected error: URL [file:C:/Users/surim/upload/613b9c05-ceb2-4d83-9a69-cabccfab5d82.jpg] cannot be resolved in the file system for checking its content length
2025-05-09 17:26:56,924 ERROR c.o.o.f.JwtAuthenticationFilter [http-nio-4000-exec-7] Unexpected error: URL [file:C:/Users/surim/upload/6a25cf1e-d43e-42dc-b91d-821e192400ee.jpg] cannot be resolved in the file system for checking its content length
2025-05-09 17:26:56,935 ERROR c.o.o.f.JwtAuthenticationFilter [http-nio-4000-exec-10] Unexpected error: URL [file:C:/Users/surim/upload/f259a87c-76c6-4691-a4ab-ad0146559b3f.jpg] cannot be resolved in the file system for checking its content length
2025-05-09 17:26:56,935 ERROR c.o.o.f.JwtAuthenticationFilter [http-nio-4000-exec-4] Unexpected error: URL [file:C:/Users/surim/upload/b7fe6097-1b9d-4dfd-a650-cb2f503cd551.png] cannot be resolved in the file system for checking its content length
2025-05-09 17:26:56,961 ERROR c.o.o.c.AuthenticationFailEntryPoint [http-nio-4000-exec-4] Authentication failed: Full authentication is required to access this resource
2025-05-09 17:26:56,961 ERROR c.o.o.c.AuthenticationFailEntryPoint [http-nio-4000-exec-5] Authentication failed: Full authentication is required to access this resource
2025-05-09 17:26:56,961 ERROR c.o.o.c.AuthenticationFailEntryPoint [http-nio-4000-exec-9] Authentication failed: Full authentication is required to access this resource
2025-05-09 17:26:56,961 ERROR c.o.o.c.AuthenticationFailEntryPoint [http-nio-4000-exec-7] Authentication failed: Full authentication is required to access this resource
2025-05-09 17:26:56,964 ERROR c.o.o.c.AuthenticationFailEntryPoint [http-nio-4000-exec-10] Authentication failed: Full authentication is required to access this resource
2025-05-09 17:26:56,964 ERROR c.o.o.c.AuthenticationFailEntryPoint [http-nio-4000-exec-8] Authentication failed: Full authentication is required to access this resource
2025-05-09 17:27:00,010 INFO c.o.o.h.ProductStatusScheduler [scheduling-1] 상품들의 상태를 체크합니다.
2025-05-09 17:27:29,822 INFO c.o.o.s.i.GroupPurchaseServiceImplements [http-nio-4000-exec-6] 조회된 상품 리스트: 9
2025-05-09 17:27:29,823 INFO c.o.o.s.i.GroupPurchaseServiceImplements [http-nio-4000-exec-6] 전체 카테고리의 이름이 인 공동구매 상품 리스트를 불러옵니다.
2025-05-09 17:27:29,911 INFO c.o.o.s.i.GroupPurchaseServiceImplements [http-nio-4000-exec-6] 조회된 상품 리스트: 9
2025-05-09 17:27:29,912 INFO c.o.o.s.i.GroupPurchaseServiceImplements [http-nio-4000-exec-6] 전체 카테고리의 이름이 인 공동구매 상품 리스트를 불러옵니다.
2025-05-09 17:27:29,962 ERROR c.o.o.f.JwtAuthenticationFilter [http-nio-4000-exec-1] Unexpected error: URL [file:C:/Users/surim/upload/b7fe6097-1b9d-4dfd-a650-cb2f503cd551.png] cannot be resolved in the file system for checking its content length
2025-05-09 17:27:29,962 ERROR c.o.o.f.JwtAuthenticationFilter [http-nio-4000-exec-10] Unexpected error: URL [file:C:/Users/surim/upload/f259a87c-76c6-4691-a4ab-ad0146559b3f.jpg] cannot be resolved in the file system for checking its content length
2025-05-09 17:27:29,962 ERROR c.o.o.f.JwtAuthenticationFilter [http-nio-4000-exec-5] Unexpected error: URL [file:C:/Users/surim/upload/6a25cf1e-d43e-42dc-b91d-821e192400ee.jpg] cannot be resolved in the file system for checking its content length
2025-05-09 17:27:29,970 ERROR c.o.o.f.JwtAuthenticationFilter [http-nio-4000-exec-8] Unexpected error: URL [file:C:/Users/surim/upload/38710165-a969-4dfa-bf47-d2f0b8e9d3cc.jpg] cannot be resolved in the file system for checking its content length
2025-05-09 17:27:29,972 ERROR c.o.o.f.JwtAuthenticationFilter [http-nio-4000-exec-3] Unexpected error: URL [file:C:/Users/surim/upload/7840f210-741a-42a2-8e06-08160a983695.jpg] cannot be resolved in the file system for checking its content length
2025-05-09 17:27:29,972 ERROR c.o.o.f.JwtAuthenticationFilter [http-nio-4000-exec-9] Unexpected error: URL [file:C:/Users/surim/upload/613b9c05-ceb2-4d83-9a69-cabccfab5d82.jpg] cannot be resolved in the file system for checking its content length
2025-05-09 17:27:29,998 ERROR c.o.o.c.AuthenticationFailEntryPoint [http-nio-4000-exec-8] Authentication failed: Full authentication is required to access this resource
2025-05-09 17:27:29,998 ERROR c.o.o.c.AuthenticationFailEntryPoint [http-nio-4000-exec-1] Authentication failed: Full authentication is required to access this resource
2025-05-09 17:27:29,998 ERROR c.o.o.c.AuthenticationFailEntryPoint [http-nio-4000-exec-10] Authentication failed: Full authentication is required to access this resource
2025-05-09 17:27:30,004 ERROR c.o.o.c.AuthenticationFailEntryPoint [http-nio-4000-exec-5] Authentication failed: Full authentication is required to access this resource
2025-05-09 17:27:30,004 ERROR c.o.o.c.AuthenticationFailEntryPoint [http-nio-4000-exec-3] Authentication failed: Full authentication is required to access this resource
2025-05-09 17:27:30,004 ERROR c.o.o.c.AuthenticationFailEntryPoint [http-nio-4000-exec-9] Authentication failed: Full authentication is required to access this resource
2025-05-09 17:28:00,021 INFO c.o.o.h.ProductStatusScheduler [scheduling-1] 상품들의 상태를 체크합니다.
2025-05-09 17:29:00,009 INFO c.o.o.h.ProductStatusScheduler [scheduling-1] 상품들의 상태를 체크합니다.
2025-05-09 17:30:00,013 INFO c.o.o.h.ProductStatusScheduler [scheduling-1] 상품들의 상태를 체크합니다.
2025-05-09 17:30:02,782 INFO c.o.o.s.i.GroupPurchaseServiceImplements [http-nio-4000-exec-3] 조회된 상품 리스트: 9
2025-05-09 17:30:02,783 INFO c.o.o.s.i.GroupPurchaseServiceImplements [http-nio-4000-exec-3] 전체 카테고리의 이름이 인 공동구매 상품 리스트를 불러옵니다.
2025-05-09 17:30:02,830 INFO c.o.o.s.i.GroupPurchaseServiceImplements [http-nio-4000-exec-8] 조회된 상품 리스트: 9
2025-05-09 17:30:02,830 INFO c.o.o.s.i.GroupPurchaseServiceImplements [http-nio-4000-exec-8] 전체 카테고리의 이름이 인 공동구매 상품 리스트를 불러옵니다.
2025-05-09 17:30:02,977 ERROR c.o.o.f.JwtAuthenticationFilter [http-nio-4000-exec-5] Unexpected error: URL [file:C:/Users/surim/upload/7840f210-741a-42a2-8e06-08160a983695.jpg] cannot be resolved in the file system for checking its content length
2025-05-09 17:30:02,974 ERROR c.o.o.f.JwtAuthenticationFilter [http-nio-4000-exec-9] Unexpected error: URL [file:C:/Users/surim/upload/613b9c05-ceb2-4d83-9a69-cabccfab5d82.jpg] cannot be resolved in the file system for checking its content length
2025-05-09 17:30:02,974 ERROR c.o.o.f.JwtAuthenticationFilter [http-nio-4000-exec-7] Unexpected error: URL [file:C:/Users/surim/upload/38710165-a969-4dfa-bf47-d2f0b8e9d3cc.jpg] cannot be resolved in the file system for checking its content length
2025-05-09 17:30:02,977 ERROR c.o.o.f.JwtAuthenticationFilter [http-nio-4000-exec-6] Unexpected error: URL [file:C:/Users/surim/upload/b7fe6097-1b9d-4dfd-a650-cb2f503cd551.png] cannot be resolved in the file system for checking its content length
2025-05-09 17:30:02,977 ERROR c.o.o.f.JwtAuthenticationFilter [http-nio-4000-exec-2] Unexpected error: URL [file:C:/Users/surim/upload/f259a87c-76c6-4691-a4ab-ad0146559b3f.jpg] cannot be resolved in the file system for checking its content length
2025-05-09 17:30:02,990 ERROR c.o.o.f.JwtAuthenticationFilter [http-nio-4000-exec-4] Unexpected error: URL [file:C:/Users/surim/upload/6a25cf1e-d43e-42dc-b91d-821e192400ee.jpg] cannot be resolved in the file system for checking its content length
2025-05-09 17:30:03,014 ERROR c.o.o.c.AuthenticationFailEntryPoint [http-nio-4000-exec-2] Authentication failed: Full authentication is required to access this resource
2025-05-09 17:30:03,014 ERROR c.o.o.c.AuthenticationFailEntryPoint [http-nio-4000-exec-5] Authentication failed: Full authentication is required to access this resource
2025-05-09 17:30:03,017 ERROR c.o.o.c.AuthenticationFailEntryPoint [http-nio-4000-exec-4] Authentication failed: Full authentication is required to access this resource
2025-05-09 17:30:03,018 ERROR c.o.o.c.AuthenticationFailEntryPoint [http-nio-4000-exec-9] Authentication failed: Full authentication is required to access this resource
2025-05-09 17:30:03,018 ERROR c.o.o.c.AuthenticationFailEntryPoint [http-nio-4000-exec-6] Authentication failed: Full authentication is required to access this resource
2025-05-09 17:30:03,033 ERROR c.o.o.c.AuthenticationFailEntryPoint [http-nio-4000-exec-7] Authentication failed: Full authentication is required to access this resource
2025-05-09 17:31:00,011 INFO c.o.o.h.ProductStatusScheduler [scheduling-1] 상품들의 상태를 체크합니다.
2025-05-09 17:32:00,020 INFO c.o.o.h.ProductStatusScheduler [scheduling-1] 상품들의 상태를 체크합니다.
2025-05-09 17:33:00,027 INFO c.o.o.h.ProductStatusScheduler [scheduling-1] 상품들의 상태를 체크합니다.
2025-05-09 17:33:33,069 INFO o.s.b.w.e.t.GracefulShutdown [SpringApplicationShutdownHook] Commencing graceful shutdown. Waiting for active requests to complete
2025-05-09 17:33:33,097 INFO o.s.b.w.e.t.GracefulShutdown [tomcat-shutdown] Graceful shutdown complete
2025-05-09 17:33:33,188 INFO o.s.o.j.AbstractEntityManagerFactoryBean [SpringApplicationShutdownHook] Closing JPA EntityManagerFactory for persistence unit 'default'
2025-05-09 17:33:39,780 INFO o.s.b.StartupInfoLogger [main] Starting OngiBackApplication using Java 21.0.3 with PID 54328 (/Users/yookyubong/Documents/kyubongyoo/Ongi/ongi-back/build/classes/java/main started by yookyubong in /Users/yookyubong/Documents/kyubongyoo/Ongi)
2025-05-09 17:33:39,805 DEBUG o.s.b.StartupInfoLogger [main] Running with Spring Boot v3.4.4, Spring v6.2.5
2025-05-09 17:33:39,810 INFO o.s.b.SpringApplication [main] No active profile set, falling back to 1 default profile: "default"
2025-05-09 17:33:42,196 INFO o.s.d.r.c.RepositoryConfigurationDelegate [main] Multiple Spring Data modules found, entering strict repository configuration mode
2025-05-09 17:33:42,201 INFO o.s.d.r.c.RepositoryConfigurationDelegate [main] Bootstrapping Spring Data JPA repositories in DEFAULT mode.
2025-05-09 17:33:42,579 INFO o.s.d.r.c.RepositoryConfigurationDelegate [main] Finished Spring Data repository scanning in 358 ms. Found 26 JPA repository interfaces.
2025-05-09 17:33:42,655 INFO o.s.d.r.c.RepositoryConfigurationDelegate [main] Multiple Spring Data modules found, entering strict repository configuration mode
2025-05-09 17:33:42,656 INFO o.s.d.r.c.RepositoryConfigurationDelegate [main] Bootstrapping Spring Data Redis repositories in DEFAULT mode.
2025-05-09 17:33:42,706 INFO o.s.d.r.c.RepositoryConfigurationExtensionSupport [main] Spring Data Redis - Could not safely identify store assignment for repository candidate interface com.ongi.ongi_back.repository.AlertRespository; If you want this repository to be a Redis repository, consider annotating your entities with one of these annotations: org.springframework.data.redis.core.RedisHash (preferred), or consider extending one of the following types with your repository: org.springframework.data.keyvalue.repository.KeyValueRepository
2025-05-09 17:33:42,707 INFO o.s.d.r.c.RepositoryConfigurationExtensionSupport [main] Spring Data Redis - Could not safely identify store assignment for repository candidate interface com.ongi.ongi_back.repository.BadgeRespository; If you want this repository to be a Redis repository, consider annotating your entities with one of these annotations: org.springframework.data.redis.core.RedisHash (preferred), or consider extending one of the following types with your repository: org.springframework.data.keyvalue.repository.KeyValueRepository
2025-05-09 17:33:42,707 INFO o.s.d.r.c.RepositoryConfigurationExtensionSupport [main] Spring Data Redis - Could not safely identify store assignment for repository candidate interface com.ongi.ongi_back.repository.CalendarRepository; If you want this repository to be a Redis repository, consider annotating your entities with one of these annotations: org.springframework.data.redis.core.RedisHash (preferred), or consider extending one of the following types with your repository: org.springframework.data.keyvalue.repository.KeyValueRepository
2025-05-09 17:33:42,708 INFO o.s.d.r.c.RepositoryConfigurationExtensionSupport [main] Spring Data Redis - Could not safely identify store assignment for repository candidate interface com.ongi.ongi_back.repository.ChatRepository; If you want this repository to be a Redis repository, consider annotating your entities with one of these annotations: org.springframework.data.redis.core.RedisHash (preferred), or consider extending one of the following types with your repository: org.springframework.data.keyvalue.repository.KeyValueRepository
2025-05-09 17:33:42,708 INFO o.s.d.r.c.RepositoryConfigurationExtensionSupport [main] Spring Data Redis - Could not safely identify store assignment for repository candidate interface com.ongi.ongi_back.repository.CommunityCommentRepository; If you want this repository to be a Redis repository, consider annotating your entities with one of these annotations: org.springframework.data.redis.core.RedisHash (preferred), or consider extending one of the following types with your repository: org.springframework.data.keyvalue.repository.KeyValueRepository
2025-05-09 17:33:42,709 INFO o.s.d.r.c.RepositoryConfigurationExtensionSupport [main] Spring Data Redis - Could not safely identify store assignment for repository candidate interface com.ongi.ongi_back.repository.CommunityPostRepository; If you want this repository to be a Redis repository, consider annotating your entities with one of these annotations: org.springframework.data.redis.core.RedisHash (preferred), or consider extending one of the following types with your repository: org.springframework.data.keyvalue.repository.KeyValueRepository
2025-05-09 17:33:42,709 INFO o.s.d.r.c.RepositoryConfigurationExtensionSupport [main] Spring Data Redis - Could not safely identify store assignment for repository candidate interface com.ongi.ongi_back.repository.HelperApplyRepository; If you want this repository to be a Redis repository, consider annotating your entities with one of these annotations: org.springframework.data.redis.core.RedisHash (preferred), or consider extending one of the following types with your repository: org.springframework.data.keyvalue.repository.KeyValueRepository
2025-05-09 17:33:42,711 INFO o.s.d.r.c.RepositoryConfigurationExtensionSupport [main] Spring Data Redis - Could not safely identify store assignment for repository candidate interface com.ongi.ongi_back.repository.HelperCommentRepository; If you want this repository to be a Redis repository, consider annotating your entities with one of these annotations: org.springframework.data.redis.core.RedisHash (preferred), or consider extending one of the following types with your repository: org.springframework.data.keyvalue.repository.KeyValueRepository
2025-05-09 17:33:42,712 INFO o.s.d.r.c.RepositoryConfigurationExtensionSupport [main] Spring Data Redis - Could not safely identify store assignment for repository candidate interface com.ongi.ongi_back.repository.HelperPostRepository; If you want this repository to be a Redis repository, consider annotating your entities with one of these annotations: org.springframework.data.redis.core.RedisHash (preferred), or consider extending one of the following types with your repository: org.springframework.data.keyvalue.repository.KeyValueRepository
2025-05-09 17:33:42,713 INFO o.s.d.r.c.RepositoryConfigurationExtensionSupport [main] Spring Data Redis - Could not safely identify store assignment for repository candidate interface com.ongi.ongi_back.repository.LikeKeywordRepository; If you want this repository to be a Redis repository, consider annotating your entities with one of these annotations: org.springframework.data.redis.core.RedisHash (preferred), or consider extending one of the following types with your repository: org.springframework.data.keyvalue.repository.KeyValueRepository
2025-05-09 17:33:42,714 INFO o.s.d.r.c.RepositoryConfigurationExtensionSupport [main] Spring Data Redis - Could not safely identify store assignment for repository candidate interface com.ongi.ongi_back.repository.LikedRepository; If you want this repository to be a Redis repository, consider annotating your entities with one of these annotations: org.springframework.data.redis.core.RedisHash (preferred), or consider extending one of the following types with your repository: org.springframework.data.keyvalue.repository.KeyValueRepository
2025-05-09 17:33:42,715 INFO o.s.d.r.c.RepositoryConfigurationExtensionSupport [main] Spring Data Redis - Could not safely identify store assignment for repository candidate interface com.ongi.ongi_back.repository.NoticeRepository; If you want this repository to be a Redis repository, consider annotating your entities with one of these annotations: org.springframework.data.redis.core.RedisHash (preferred), or consider extending one of the following types with your repository: org.springframework.data.keyvalue.repository.KeyValueRepository
2025-05-09 17:33:42,715 INFO o.s.d.r.c.RepositoryConfigurationExtensionSupport [main] Spring Data Redis - Could not safely identify store assignment for repository candidate interface com.ongi.ongi_back.repository.OrderItemRepository; If you want this repository to be a Redis repository, consider annotating your entities with one of these annotations: org.springframework.data.redis.core.RedisHash (preferred), or consider extending one of the following types with your repository: org.springframework.data.keyvalue.repository.KeyValueRepository
2025-05-09 17:33:42,716 INFO o.s.d.r.c.RepositoryConfigurationExtensionSupport [main] Spring Data Redis - Could not safely identify store assignment for repository candidate interface com.ongi.ongi_back.repository.OrderRepository; If you want this repository to be a Redis repository, consider annotating your entities with one of these annotations: org.springframework.data.redis.core.RedisHash (preferred), or consider extending one of the following types with your repository: org.springframework.data.keyvalue.repository.KeyValueRepository
2025-05-09 17:33:42,717 INFO o.s.d.r.c.RepositoryConfigurationExtensionSupport [main] Spring Data Redis - Could not safely identify store assignment for repository candidate interface com.ongi.ongi_back.repository.PaymentCancelRepository; If you want this repository to be a Redis repository, consider annotating your entities with one of these annotations: org.springframework.data.redis.core.RedisHash (preferred), or consider extending one of the following types with your repository: org.springframework.data.keyvalue.repository.KeyValueRepository
2025-05-09 17:33:42,717 INFO o.s.d.r.c.RepositoryConfigurationExtensionSupport [main] Spring Data Redis - Could not safely identify store assignment for repository candidate interface com.ongi.ongi_back.repository.PaymentConformRepository; If you want this repository to be a Redis repository, consider annotating your entities with one of these annotations: org.springframework.data.redis.core.RedisHash (preferred), or consider extending one of the following types with your repository: org.springframework.data.keyvalue.repository.KeyValueRepository
2025-05-09 17:33:42,719 INFO o.s.d.r.c.RepositoryConfigurationExtensionSupport [main] Spring Data Redis - Could not safely identify store assignment for repository candidate interface com.ongi.ongi_back.repository.ProductRepository; If you want this repository to be a Redis repository, consider annotating your entities with one of these annotations: org.springframework.data.redis.core.RedisHash (preferred), or consider extending one of the following types with your repository: org.springframework.data.keyvalue.repository.KeyValueRepository
2025-05-09 17:33:42,720 INFO o.s.d.r.c.RepositoryConfigurationExtensionSupport [main] Spring Data Redis - Could not safely identify store assignment for repository candidate interface com.ongi.ongi_back.repository.ProductReviewRepository; If you want this repository to be a Redis repository, consider annotating your entities with one of these annotations: org.springframework.data.redis.core.RedisHash (preferred), or consider extending one of the following types with your repository: org.springframework.data.keyvalue.repository.KeyValueRepository
2025-05-09 17:33:42,720 INFO o.s.d.r.c.RepositoryConfigurationExtensionSupport [main] Spring Data Redis - Could not safely identify store assignment for repository candidate interface com.ongi.ongi_back.repository.QuestionRepository; If you want this repository to be a Redis repository, consider annotating your entities with one of these annotations: org.springframework.data.redis.core.RedisHash (preferred), or consider extending one of the following types with your repository: org.springframework.data.keyvalue.repository.KeyValueRepository
2025-05-09 17:33:42,721 INFO o.s.d.r.c.RepositoryConfigurationExtensionSupport [main] Spring Data Redis - Could not safely identify store assignment for repository candidate interface com.ongi.ongi_back.repository.ReportRepository; If you want this repository to be a Redis repository, consider annotating your entities with one of these annotations: org.springframework.data.redis.core.RedisHash (preferred), or consider extending one of the following types with your repository: org.springframework.data.keyvalue.repository.KeyValueRepository
2025-05-09 17:33:42,721 INFO o.s.d.r.c.RepositoryConfigurationExtensionSupport [main] Spring Data Redis - Could not safely identify store assignment for repository candidate interface com.ongi.ongi_back.repository.ReviewImagesRepository; If you want this repository to be a Redis repository, consider annotating your entities with one of these annotations: org.springframework.data.redis.core.RedisHash (preferred), or consider extending one of the following types with your repository: org.springframework.data.keyvalue.repository.KeyValueRepository
2025-05-09 17:33:42,722 INFO o.s.d.r.c.RepositoryConfigurationExtensionSupport [main] Spring Data Redis - Could not safely identify store assignment for repository candidate interface com.ongi.ongi_back.repository.ShoppingCartRepository; If you want this repository to be a Redis repository, consider annotating your entities with one of these annotations: org.springframework.data.redis.core.RedisHash (preferred), or consider extending one of the following types with your repository: org.springframework.data.keyvalue.repository.KeyValueRepository
2025-05-09 17:33:42,723 INFO o.s.d.r.c.RepositoryConfigurationExtensionSupport [main] Spring Data Redis - Could not safely identify store assignment for repository candidate interface com.ongi.ongi_back.repository.StockReservationRepository; If you want this repository to be a Redis repository, consider annotating your entities with one of these annotations: org.springframework.data.redis.core.RedisHash (preferred), or consider extending one of the following types with your repository: org.springframework.data.keyvalue.repository.KeyValueRepository
2025-05-09 17:33:42,724 INFO o.s.d.r.c.RepositoryConfigurationExtensionSupport [main] Spring Data Redis - Could not safely identify store assignment for repository candidate interface com.ongi.ongi_back.repository.UserRepository; If you want this repository to be a Redis repository, consider annotating your entities with one of these annotations: org.springframework.data.redis.core.RedisHash (preferred), or consider extending one of the following types with your repository: org.springframework.data.keyvalue.repository.KeyValueRepository
2025-05-09 17:33:42,725 INFO o.s.d.r.c.RepositoryConfigurationExtensionSupport [main] Spring Data Redis - Could not safely identify store assignment for repository candidate interface com.ongi.ongi_back.repository.VerificationCodeRepository; If you want this repository to be a Redis repository, consider annotating your entities with one of these annotations: org.springframework.data.redis.core.RedisHash (preferred), or consider extending one of the following types with your repository: org.springframework.data.keyvalue.repository.KeyValueRepository
2025-05-09 17:33:42,725 INFO o.s.d.r.c.RepositoryConfigurationExtensionSupport [main] Spring Data Redis - Could not safely identify store assignment for repository candidate interface com.ongi.ongi_back.repository.WishListRepository; If you want this repository to be a Redis repository, consider annotating your entities with one of these annotations: org.springframework.data.redis.core.RedisHash (preferred), or consider extending one of the following types with your repository: org.springframework.data.keyvalue.repository.KeyValueRepository
2025-05-09 17:33:42,726 INFO o.s.d.r.c.RepositoryConfigurationDelegate [main] Finished Spring Data repository scanning in 57 ms. Found 0 Redis repository interfaces.
2025-05-09 17:33:44,510 INFO o.s.b.w.e.t.TomcatWebServer [main] Tomcat initialized with port 4000 (http)
2025-05-09 17:33:44,869 INFO o.s.b.w.s.c.ServletWebServerApplicationContext [main] Root WebApplicationContext: initialization completed in 4937 ms
2025-05-09 17:33:46,719 INFO o.s.o.j.p.SpringPersistenceUnitInfo [main] No LoadTimeWeaver setup: ignoring JPA class transformer
2025-05-09 17:33:49,974 INFO o.s.o.j.AbstractEntityManagerFactoryBean [main] Initialized JPA EntityManagerFactory for persistence unit 'default'
2025-05-09 17:33:50,728 DEBUG o.s.w.f.GenericFilterBean [main] Filter 'jwtAuthenticationFilter' configured for use
2025-05-09 17:33:51,827 INFO o.s.d.j.r.q.QueryEnhancerFactory [main] Hibernate is in classpath; If applicable, HQL parser will be used.
2025-05-09 17:33:57,776 WARN o.s.b.a.o.j.JpaBaseConfiguration$JpaWebConfiguration [main] spring.jpa.open-in-view is enabled by default. Therefore, database queries may be performed during view rendering. Explicitly configure spring.jpa.open-in-view to disable this warning
2025-05-09 17:33:58,604 DEBUG c.o.o.c.WebSecurityConfig [main] [+] WebConfig Start !!
2025-05-09 17:33:59,209 INFO o.s.b.w.e.t.TomcatWebServer [main] Tomcat started on port 4000 (http) with context path '/'
2025-05-09 17:33:59,247 INFO o.s.b.StartupInfoLogger [main] Started OngiBackApplication in 20.762 seconds (process running for 22.187)
2025-05-09 17:34:00,007 INFO c.o.o.h.ProductStatusScheduler [scheduling-1] 상품들의 상태를 체크합니다.
2025-05-09 17:34:07,565 INFO o.s.w.s.FrameworkServlet [http-nio-4000-exec-4] Initializing Servlet 'dispatcherServlet'
2025-05-09 17:34:07,576 INFO o.s.w.s.FrameworkServlet [http-nio-4000-exec-4] Completed initialization in 10 ms
2025-05-09 17:34:08,008 INFO c.o.o.s.i.GroupPurchaseServiceImplements [http-nio-4000-exec-5] 조회된 상품 리스트: 9
2025-05-09 17:34:08,011 INFO c.o.o.s.i.GroupPurchaseServiceImplements [http-nio-4000-exec-5] 전체 카테고리의 이름이 인 공동구매 상품 리스트를 불러옵니다.
2025-05-09 17:34:08,195 INFO c.o.o.s.i.GroupPurchaseServiceImplements [http-nio-4000-exec-10] 조회된 상품 리스트: 9
2025-05-09 17:34:08,199 INFO c.o.o.s.i.GroupPurchaseServiceImplements [http-nio-4000-exec-10] 전체 카테고리의 이름이 인 공동구매 상품 리스트를 불러옵니다.
2025-05-09 17:35:00,003 INFO c.o.o.h.ProductStatusScheduler [scheduling-1] 상품들의 상태를 체크합니다.
2025-05-09 17:36:00,007 INFO c.o.o.h.ProductStatusScheduler [scheduling-1] 상품들의 상태를 체크합니다.
2025-05-09 17:37:00,011 INFO c.o.o.h.ProductStatusScheduler [scheduling-1] 상품들의 상태를 체크합니다.
2025-05-09 17:38:00,009 INFO c.o.o.h.ProductStatusScheduler [scheduling-1] 상품들의 상태를 체크합니다.
2025-05-09 17:39:00,006 INFO c.o.o.h.ProductStatusScheduler [scheduling-1] 상품들의 상태를 체크합니다.
2025-05-09 17:40:00,006 INFO c.o.o.h.ProductStatusScheduler [scheduling-1] 상품들의 상태를 체크합니다.
2025-05-09 17:41:00,006 INFO c.o.o.h.ProductStatusScheduler [scheduling-1] 상품들의 상태를 체크합니다.
2025-05-09 17:42:00,006 INFO c.o.o.h.ProductStatusScheduler [scheduling-1] 상품들의 상태를 체크합니다.
2025-05-09 17:43:00,007 INFO c.o.o.h.ProductStatusScheduler [scheduling-1] 상품들의 상태를 체크합니다.
2025-05-09 17:44:00,006 INFO c.o.o.h.ProductStatusScheduler [scheduling-1] 상품들의 상태를 체크합니다.
2025-05-09 17:45:00,003 INFO c.o.o.h.ProductStatusScheduler [scheduling-1] 상품들의 상태를 체크합니다.
2025-05-09 17:46:00,011 INFO c.o.o.h.ProductStatusScheduler [scheduling-1] 상품들의 상태를 체크합니다.
2025-05-09 17:47:00,006 INFO c.o.o.h.ProductStatusScheduler [scheduling-1] 상품들의 상태를 체크합니다.
2025-05-09 17:48:00,008 INFO c.o.o.h.ProductStatusScheduler [scheduling-1] 상품들의 상태를 체크합니다.
2025-05-09 17:48:07,633 INFO o.s.b.w.e.t.GracefulShutdown [SpringApplicationShutdownHook] Commencing graceful shutdown. Waiting for active requests to complete
2025-05-09 17:48:07,651 INFO o.s.b.w.e.t.GracefulShutdown [tomcat-shutdown] Graceful shutdown complete
2025-05-09 17:48:07,714 INFO o.s.o.j.AbstractEntityManagerFactoryBean [SpringApplicationShutdownHook] Closing JPA EntityManagerFactory for persistence unit 'default'
